0 info it worked if it ends with ok
1 verbose cli [ '/usr/local/bin/node',
1 verbose cli   '/usr/local/bin/npm',
1 verbose cli   'install',
1 verbose cli   '-g',
1 verbose cli   'ploymer-cli' ]
2 info using npm@3.3.12
3 info using node@v5.3.0
4 silly loadCurrentTree Starting
5 silly install loadCurrentTree
6 silly install readGlobalPackageData
7 silly fetchPackageMetaData ploymer-cli
8 silly fetchNamedPackageData ploymer-cli
9 silly mapToRegistry name ploymer-cli
10 silly mapToRegistry using default registry
11 silly mapToRegistry registry http://r.cnpmjs.org/
12 silly mapToRegistry uri http://r.cnpmjs.org/ploymer-cli
13 verbose request uri http://r.cnpmjs.org/ploymer-cli
14 verbose request no auth needed
15 info attempt registry request try #1 at 13:41:45
16 verbose request id 90f6fee3cc076faf
17 http request GET http://r.cnpmjs.org/ploymer-cli
18 http 404 http://r.cnpmjs.org/ploymer-cli
19 verbose headers { server: 'nginx/1.4.6 (Ubuntu)',
19 verbose headers   date: 'Wed, 15 Jun 2016 05:41:46 GMT',
19 verbose headers   'content-type': 'application/json; charset=utf-8',
19 verbose headers   'transfer-encoding': 'chunked',
19 verbose headers   connection: 'keep-alive',
19 verbose headers   'x-readtime': '9',
19 verbose headers   'content-encoding': 'gzip' }
20 silly get cb [ 404,
20 silly get   { server: 'nginx/1.4.6 (Ubuntu)',
20 silly get     date: 'Wed, 15 Jun 2016 05:41:46 GMT',
20 silly get     'content-type': 'application/json; charset=utf-8',
20 silly get     'transfer-encoding': 'chunked',
20 silly get     connection: 'keep-alive',
20 silly get     'x-readtime': '9',
20 silly get     'content-encoding': 'gzip' } ]
21 silly fetchPackageMetaData Error: 404 Not Found: ploymer-cli
21 silly fetchPackageMetaData     at makeError (/usr/local/lib/node_modules/npm/node_modules/npm-registry-client/lib/request.js:264:12)
21 silly fetchPackageMetaData     at CachingRegistryClient.<anonymous> (/usr/local/lib/node_modules/npm/node_modules/npm-registry-client/lib/request.js:250:14)
21 silly fetchPackageMetaData     at /usr/local/lib/node_modules/npm/node_modules/npm-registry-client/lib/request.js:178:7
21 silly fetchPackageMetaData     at Gunzip.onEnd (zlib.js:227:5)
21 silly fetchPackageMetaData     at emitNone (events.js:72:20)
21 silly fetchPackageMetaData     at Gunzip.emit (events.js:166:7)
21 silly fetchPackageMetaData     at endReadableNT (_stream_readable.js:905:12)
21 silly fetchPackageMetaData     at nextTickCallbackWith2Args (node.js:455:9)
21 silly fetchPackageMetaData     at process._tickCallback (node.js:369:17)
21 silly fetchPackageMetaData  error for ploymer-cli { [Error: 404 Not Found: ploymer-cli] pkgid: 'ploymer-cli', statusCode: 404, code: 'E404' }
22 silly rollbackFailedOptional Starting
23 silly rollbackFailedOptional Finishing
24 silly runTopLevelLifecycles Starting
25 silly runTopLevelLifecycles Finishing
26 silly install printInstalled
27 verbose stack Error: 404 Not Found: ploymer-cli
27 verbose stack     at makeError (/usr/local/lib/node_modules/npm/node_modules/npm-registry-client/lib/request.js:264:12)
27 verbose stack     at CachingRegistryClient.<anonymous> (/usr/local/lib/node_modules/npm/node_modules/npm-registry-client/lib/request.js:250:14)
27 verbose stack     at /usr/local/lib/node_modules/npm/node_modules/npm-registry-client/lib/request.js:178:7
27 verbose stack     at Gunzip.onEnd (zlib.js:227:5)
27 verbose stack     at emitNone (events.js:72:20)
27 verbose stack     at Gunzip.emit (events.js:166:7)
27 verbose stack     at endReadableNT (_stream_readable.js:905:12)
27 verbose stack     at nextTickCallbackWith2Args (node.js:455:9)
27 verbose stack     at process._tickCallback (node.js:369:17)
28 verbose statusCode 404
29 verbose pkgid ploymer-cli
30 verbose cwd /Users/zhougonglai/ployProj/ploy-star
31 error Darwin 15.5.0
32 error argv "/usr/local/bin/node" "/usr/local/bin/npm" "install" "-g" "ploymer-cli"
33 error node v5.3.0
34 error npm  v3.3.12
35 error code E404
36 error 404 Not Found: ploymer-cli
36 error 404
36 error 404 'ploymer-cli' is not in the npm registry.
36 error 404 You should bug the author to publish it (or use the name yourself!)
36 error 404
36 error 404 Note that you can also install from a
36 error 404 tarball, folder, http url, or git url.
37 verbose exit [ 1, true ]
